2024-10-02 09:32:10,416 INFO:Database initialized.
2024-10-02 09:32:10,533 CRITICAL:Unhandled exception: No module named 'babel.numbers'
2024-10-02 09:32:10,533 INFO:Database connection closed.
2024-10-02 09:32:10,533 INFO:Application closed.
2024-10-02 09:32:17,324 INFO:Database initialized.
2024-10-02 09:32:17,431 CRITICAL:Unhandled exception: No module named 'babel.numbers'
2024-10-02 09:32:17,431 INFO:Database connection closed.
2024-10-02 09:32:17,431 INFO:Application closed.
2024-10-02 09:32:27,387 INFO:Database initialized.
2024-10-02 09:32:27,511 CRITICAL:Unhandled exception: No module named 'babel.numbers'
2024-10-02 09:32:27,511 INFO:Database connection closed.
2024-10-02 09:32:27,511 INFO:Application closed.
2024-10-02 09:37:48,579 INFO:Database initialized.
2024-10-02 09:37:48,775 DEBUG:Next Sr. No. fetched: 1
2024-10-02 09:37:48,775 DEBUG:Form reset for next entry.
2024-10-02 09:37:48,775 INFO:GUI initialized.
2024-10-02 09:37:52,719 INFO:Database connection closed.
2024-10-02 09:37:52,719 INFO:Application closed.
2024-10-02 09:38:06,559 INFO:Database initialized.
2024-10-02 09:38:06,883 DEBUG:Next Sr. No. fetched: 1
2024-10-02 09:38:06,884 DEBUG:Form reset for next entry.
2024-10-02 09:38:06,884 INFO:GUI initialized.
2024-10-02 09:38:10,877 INFO:Database connection closed.
2024-10-02 09:38:10,877 INFO:Application closed.
